<?xml version="1.0" encoding="UTF-8"?>
<!-- Generated by org.testng.reporters.JUnitReportReporter -->
<testsuite hostname="WKWIN2804049" failures="0" tests="1" name="DemoCICDAPITest.DemoCICDAPITest.APITest" time="11.874" errors="0" timestamp="23 Jan 2022 10:12:02 GMT" skipped="0">
  <testcase classname="DemoCICDAPITest.DemoCICDAPITest.APITest" name="APITest" time="11.874"/>
</testsuite> <!-- DemoCICDAPITest.DemoCICDAPITest.APITest -->
